*[INFO ]-- Starting Application using Java 21.0.2 with PID 17524 (D:\springboot\springBoot\target\classes started by yogesh.s in D:\springboot\springBoot)--
*[INFO ]-- No active profile set, falling back to 1 default profile: "default"--
*[INFO ]-- Starting service [Tomcat]--
*[INFO ]-- Starting Servlet engine: [Apache Tomcat/10.1.28]--
*[INFO ]-- Initializing Spring embedded WebApplicationContext--
*[INFO ]-- HikariPool-1 - Starting...--
*[INFO ]-- HikariPool-1 - Added connection conn0: url=jdbc:h2:file:~/springBoot user=SA--
*[INFO ]-- HikariPool-1 - Start completed.--
*[INFO ]-- Started Application in 3.036 seconds (process running for 3.393)--
*[WARN ]-- HikariPool-1 - Thread starvation or clock leap detected (housekeeper delta=22m28s362ms930µs).--
*[INFO ]-- Initializing Spring DispatcherServlet 'dispatcherServlet'--
*[INFO ]-- Init duration for springdoc-openapi is: 172 ms--
*[INFO ]-- HikariPool-1 - Shutdown initiated...--
*[INFO ]-- HikariPool-1 - Shutdown completed.--
*[INFO ]-- Starting ApplicationTests using Java 21.0.2 with PID 16424 (started by yogesh.s in D:\springboot\springBoot)--
*[INFO ]-- No active profile set, falling back to 1 default profile: "default"--
*[INFO ]-- HikariPool-1 - Starting...--
*[INFO ]-- HikariPool-1 - Added connection conn0: url=jdbc:h2:file:~/springBoot user=SA--
*[INFO ]-- HikariPool-1 - Start completed.--
*[INFO ]-- Started ApplicationTests in 6.073 seconds (process running for 8.609)--
*[INFO ]-- HikariPool-1 - Shutdown initiated...--
*[INFO ]-- HikariPool-1 - Shutdown completed.--
*[INFO ]-- Starting ApplicationTests using Java 21.0.2 with PID 10684 (started by yogesh.s in D:\springboot\springBoot)--
*[INFO ]-- No active profile set, falling back to 1 default profile: "default"--
*[INFO ]-- HikariPool-1 - Starting...--
*[INFO ]-- HikariPool-1 - Added connection conn0: url=jdbc:h2:file:~/springBoot user=SA--
*[INFO ]-- HikariPool-1 - Start completed.--
*[INFO ]-- Started ApplicationTests in 5.144 seconds (process running for 7.129)--
*[INFO ]-- HikariPool-1 - Shutdown initiated...--
*[INFO ]-- HikariPool-1 - Shutdown completed.--
*[INFO ]-- Starting ApplicationTests using Java 21.0.2 with PID 19172 (started by yogesh.s in D:\springboot\springBoot)--
*[INFO ]-- No active profile set, falling back to 1 default profile: "default"--
*[INFO ]-- HikariPool-1 - Starting...--
*[INFO ]-- HikariPool-1 - Added connection conn0: url=jdbc:h2:file:~/springBoot user=SA--
*[INFO ]-- HikariPool-1 - Start completed.--
*[INFO ]-- Started ApplicationTests in 5.001 seconds (process running for 7.191)--
*[INFO ]-- HikariPool-1 - Shutdown initiated...--
*[INFO ]-- HikariPool-1 - Shutdown completed.--
